1736734217.054294 client started (57020): version 3.4, socket /private/tmp/tmux-501/default, protocol 8
1736734217.054408 on Darwin 23.4.0 Darwin Kernel Version 23.4.0: Wed Feb 21 21:44:54 PST 2024; root:xnu-10063.101.15~2/RELEASE_ARM64_T6030
1736734217.054430 using libevent 2.1.12-stable select
1736734217.054875 using utf8proc 2.9.0
1736734217.054908 using ncurses 6.4 20221231
1736734217.054950 flags are 0x18010000
1736734217.054964 socket is /private/tmp/tmux-501/default
1736734217.054982 trying connect
1736734217.055047 add peer 0x108008000: 6 (0x0)
1736734217.057187 sending message 100 to peer 0x108008000 (4 bytes)
1736734217.057203 sending message 111 to peer 0x108008000 (8 bytes)
1736734217.057210 sending message 101 to peer 0x108008000 (15 bytes)
1736734217.057217 sending message 109 to peer 0x108008000 (4 bytes)
1736734217.057224 sending message 102 to peer 0x108008000 (13 bytes)
1736734217.057230 sending message 108 to peer 0x108008000 (38 bytes)
1736734217.057236 sending message 112 to peer 0x108008000 (58 bytes)
1736734217.057242 sending message 112 to peer 0x108008000 (5 bytes)
1736734217.057248 sending message 112 to peer 0x108008000 (5 bytes)
1736734217.057254 sending message 112 to peer 0x108008000 (6 bytes)
1736734217.057260 sending message 112 to peer 0x108008000 (6 bytes)
1736734217.057266 sending message 112 to peer 0x108008000 (11 bytes)
1736734217.057272 sending message 112 to peer 0x108008000 (10 bytes)
1736734217.057278 sending message 112 to peer 0x108008000 (13 bytes)
1736734217.057284 sending message 112 to peer 0x108008000 (14 bytes)
1736734217.057289 sending message 112 to peer 0x108008000 (19 bytes)
1736734217.057295 sending message 112 to peer 0x108008000 (11 bytes)
1736734217.057301 sending message 112 to peer 0x108008000 (10 bytes)
1736734217.057307 sending message 112 to peer 0x108008000 (15 bytes)
1736734217.057312 sending message 112 to peer 0x108008000 (21 bytes)
1736734217.057318 sending message 112 to peer 0x108008000 (13 bytes)
1736734217.057324 sending message 112 to peer 0x108008000 (7 bytes)
1736734217.057330 sending message 112 to peer 0x108008000 (13 bytes)
1736734217.057335 sending message 112 to peer 0x108008000 (7 bytes)
1736734217.057341 sending message 112 to peer 0x108008000 (13 bytes)
1736734217.057347 sending message 112 to peer 0x108008000 (9 bytes)
1736734217.057352 sending message 112 to peer 0x108008000 (21 bytes)
1736734217.057358 sending message 112 to peer 0x108008000 (13 bytes)
1736734217.057364 sending message 112 to peer 0x108008000 (9 bytes)
1736734217.057369 sending message 112 to peer 0x108008000 (16 bytes)
1736734217.057375 sending message 112 to peer 0x108008000 (13 bytes)
1736734217.057381 sending message 112 to peer 0x108008000 (9 bytes)
1736734217.057387 sending message 112 to peer 0x108008000 (9 bytes)
1736734217.057392 sending message 112 to peer 0x108008000 (12 bytes)
1736734217.057398 sending message 112 to peer 0x108008000 (8 bytes)
1736734217.057404 sending message 112 to peer 0x108008000 (8 bytes)
1736734217.057410 sending message 112 to peer 0x108008000 (13 bytes)
1736734217.057416 sending message 112 to peer 0x108008000 (7 bytes)
1736734217.057421 sending message 112 to peer 0x108008000 (7 bytes)
1736734217.057427 sending message 112 to peer 0x108008000 (9 bytes)
1736734217.057433 sending message 112 to peer 0x108008000 (9 bytes)
1736734217.057439 sending message 112 to peer 0x108008000 (15 bytes)
1736734217.057445 sending message 112 to peer 0x108008000 (13 bytes)
1736734217.057451 sending message 112 to peer 0x108008000 (12 bytes)
1736734217.057456 sending message 112 to peer 0x108008000 (8 bytes)
1736734217.057462 sending message 112 to peer 0x108008000 (14 bytes)
1736734217.057468 sending message 112 to peer 0x108008000 (11 bytes)
1736734217.057473 sending message 112 to peer 0x108008000 (9 bytes)
1736734217.057479 sending message 112 to peer 0x108008000 (10 bytes)
1736734217.057485 sending message 112 to peer 0x108008000 (10 bytes)
1736734217.057490 sending message 112 to peer 0x108008000 (10 bytes)
1736734217.057497 sending message 112 to peer 0x108008000 (10 bytes)
1736734217.057516 sending message 112 to peer 0x108008000 (11 bytes)
1736734217.057521 sending message 112 to peer 0x108008000 (12 bytes)
1736734217.057524 sending message 112 to peer 0x108008000 (12 bytes)
1736734217.057528 sending message 112 to peer 0x108008000 (12 bytes)
1736734217.057532 sending message 112 to peer 0x108008000 (12 bytes)
1736734217.057536 sending message 112 to peer 0x108008000 (12 bytes)
1736734217.057540 sending message 112 to peer 0x108008000 (11 bytes)
1736734217.057544 sending message 112 to peer 0x108008000 (11 bytes)
1736734217.057547 sending message 112 to peer 0x108008000 (12 bytes)
1736734217.057551 sending message 112 to peer 0x108008000 (12 bytes)
1736734217.057555 sending message 112 to peer 0x108008000 (12 bytes)
1736734217.057559 sending message 112 to peer 0x108008000 (12 bytes)
1736734217.057563 sending message 112 to peer 0x108008000 (12 bytes)
1736734217.057567 sending message 112 to peer 0x108008000 (9 bytes)
1736734217.057570 sending message 112 to peer 0x108008000 (12 bytes)
1736734217.057574 sending message 112 to peer 0x108008000 (13 bytes)
1736734217.057578 sending message 112 to peer 0x108008000 (13 bytes)
1736734217.057582 sending message 112 to peer 0x108008000 (13 bytes)
1736734217.057586 sending message 112 to peer 0x108008000 (13 bytes)
1736734217.057589 sending message 112 to peer 0x108008000 (13 bytes)
1736734217.057593 sending message 112 to peer 0x108008000 (8 bytes)
1736734217.057597 sending message 112 to peer 0x108008000 (11 bytes)
1736734217.057601 sending message 112 to peer 0x108008000 (11 bytes)
1736734217.057605 sending message 112 to peer 0x108008000 (11 bytes)
1736734217.057609 sending message 112 to peer 0x108008000 (12 bytes)
1736734217.057613 sending message 112 to peer 0x108008000 (12 bytes)
1736734217.057617 sending message 112 to peer 0x108008000 (12 bytes)
1736734217.057620 sending message 112 to peer 0x108008000 (12 bytes)
1736734217.057624 sending message 112 to peer 0x108008000 (13 bytes)
1736734217.057628 sending message 112 to peer 0x108008000 (13 bytes)
1736734217.057632 sending message 112 to peer 0x108008000 (13 bytes)
1736734217.057636 sending message 112 to peer 0x108008000 (8 bytes)
1736734217.057640 sending message 112 to peer 0x108008000 (13 bytes)
1736734217.057644 sending message 112 to peer 0x108008000 (13 bytes)
1736734217.057648 sending message 112 to peer 0x108008000 (13 bytes)
1736734217.057652 sending message 112 to peer 0x108008000 (13 bytes)
1736734217.057655 sending message 112 to peer 0x108008000 (13 bytes)
1736734217.057659 sending message 112 to peer 0x108008000 (12 bytes)
1736734217.057663 sending message 112 to peer 0x108008000 (12 bytes)
1736734217.057667 sending message 112 to peer 0x108008000 (12 bytes)
1736734217.057670 sending message 112 to peer 0x108008000 (12 bytes)
1736734217.057674 sending message 112 to peer 0x108008000 (13 bytes)
1736734217.057678 sending message 112 to peer 0x108008000 (8 bytes)
1736734217.057682 sending message 112 to peer 0x108008000 (13 bytes)
1736734217.057685 sending message 112 to peer 0x108008000 (13 bytes)
1736734217.057689 sending message 112 to peer 0x108008000 (13 bytes)
1736734217.057693 sending message 112 to peer 0x108008000 (13 bytes)
1736734217.057697 sending message 112 to peer 0x108008000 (13 bytes)
1736734217.057700 sending message 112 to peer 0x108008000 (13 bytes)
1736734217.057704 sending message 112 to peer 0x108008000 (13 bytes)
1736734217.057708 sending message 112 to peer 0x108008000 (12 bytes)
1736734217.057712 sending message 112 to peer 0x108008000 (12 bytes)
1736734217.057715 sending message 112 to peer 0x108008000 (12 bytes)
1736734217.057719 sending message 112 to peer 0x108008000 (8 bytes)
1736734217.057723 sending message 112 to peer 0x108008000 (12 bytes)
1736734217.057727 sending message 112 to peer 0x108008000 (13 bytes)
1736734217.057731 sending message 112 to peer 0x108008000 (13 bytes)
1736734217.057734 sending message 112 to peer 0x108008000 (13 bytes)
1736734217.057738 sending message 112 to peer 0x108008000 (13 bytes)
1736734217.057742 sending message 112 to peer 0x108008000 (13 bytes)
1736734217.057754 sending message 112 to peer 0x108008000 (13 bytes)
1736734217.057758 sending message 112 to peer 0x108008000 (13 bytes)
1736734217.057762 sending message 112 to peer 0x108008000 (13 bytes)
1736734217.057766 sending message 112 to peer 0x108008000 (12 bytes)
1736734217.057770 sending message 112 to peer 0x108008000 (10 bytes)
1736734217.057773 sending message 112 to peer 0x108008000 (12 bytes)
1736734217.057777 sending message 112 to peer 0x108008000 (12 bytes)
1736734217.057781 sending message 112 to peer 0x108008000 (12 bytes)
1736734217.057785 sending message 112 to peer 0x108008000 (13 bytes)
1736734217.057789 sending message 112 to peer 0x108008000 (13 bytes)
1736734217.057793 sending message 112 to peer 0x108008000 (13 bytes)
1736734217.057796 sending message 112 to peer 0x108008000 (13 bytes)
1736734217.057800 sending message 112 to peer 0x108008000 (13 bytes)
1736734217.057804 sending message 112 to peer 0x108008000 (13 bytes)
1736734217.057808 sending message 112 to peer 0x108008000 (13 bytes)
1736734217.057811 sending message 112 to peer 0x108008000 (10 bytes)
1736734217.057815 sending message 112 to peer 0x108008000 (13 bytes)
1736734217.057819 sending message 112 to peer 0x108008000 (12 bytes)
1736734217.057823 sending message 112 to peer 0x108008000 (12 bytes)
1736734217.057826 sending message 112 to peer 0x108008000 (12 bytes)
1736734217.057830 sending message 112 to peer 0x108008000 (10 bytes)
1736734217.057834 sending message 112 to peer 0x108008000 (10 bytes)
1736734217.057838 sending message 112 to peer 0x108008000 (10 bytes)
1736734217.057842 sending message 112 to peer 0x108008000 (12 bytes)
1736734217.057846 sending message 112 to peer 0x108008000 (13 bytes)
1736734217.057850 sending message 112 to peer 0x108008000 (13 bytes)
1736734217.057853 sending message 112 to peer 0x108008000 (13 bytes)
1736734217.057857 sending message 112 to peer 0x108008000 (13 bytes)
1736734217.057861 sending message 112 to peer 0x108008000 (13 bytes)
1736734217.057865 sending message 112 to peer 0x108008000 (10 bytes)
1736734217.057869 sending message 112 to peer 0x108008000 (11 bytes)
1736734217.057873 sending message 112 to peer 0x108008000 (12 bytes)
1736734217.057877 sending message 112 to peer 0x108008000 (12 bytes)
1736734217.057880 sending message 112 to peer 0x108008000 (12 bytes)
1736734217.057884 sending message 112 to peer 0x108008000 (12 bytes)
1736734217.057888 sending message 112 to peer 0x108008000 (12 bytes)
1736734217.057892 sending message 112 to peer 0x108008000 (11 bytes)
1736734217.057895 sending message 112 to peer 0x108008000 (12 bytes)
1736734217.057899 sending message 112 to peer 0x108008000 (12 bytes)
1736734217.057903 sending message 112 to peer 0x108008000 (13 bytes)
1736734217.057907 sending message 112 to peer 0x108008000 (13 bytes)
1736734217.057910 sending message 112 to peer 0x108008000 (13 bytes)
1736734217.057914 sending message 112 to peer 0x108008000 (13 bytes)
1736734217.057918 sending message 112 to peer 0x108008000 (13 bytes)
1736734217.057922 sending message 112 to peer 0x108008000 (10 bytes)
1736734217.057925 sending message 112 to peer 0x108008000 (9 bytes)
1736734217.057929 sending message 112 to peer 0x108008000 (12 bytes)
1736734217.057933 sending message 112 to peer 0x108008000 (13 bytes)
1736734217.057937 sending message 112 to peer 0x108008000 (13 bytes)
1736734217.057941 sending message 112 to peer 0x108008000 (13 bytes)
1736734217.057945 sending message 112 to peer 0x108008000 (13 bytes)
1736734217.057949 sending message 112 to peer 0x108008000 (13 bytes)
1736734217.057952 sending message 112 to peer 0x108008000 (9 bytes)
1736734217.057956 sending message 112 to peer 0x108008000 (12 bytes)
1736734217.057960 sending message 112 to peer 0x108008000 (13 bytes)
1736734217.057964 sending message 112 to peer 0x108008000 (13 bytes)
1736734217.057968 sending message 112 to peer 0x108008000 (13 bytes)
1736734217.057971 sending message 112 to peer 0x108008000 (13 bytes)
1736734217.057975 sending message 112 to peer 0x108008000 (13 bytes)
1736734217.057986 sending message 112 to peer 0x108008000 (11 bytes)
1736734217.057990 sending message 112 to peer 0x108008000 (12 bytes)
1736734217.057994 sending message 112 to peer 0x108008000 (13 bytes)
1736734217.057998 sending message 112 to peer 0x108008000 (13 bytes)
1736734217.058002 sending message 112 to peer 0x108008000 (13 bytes)
1736734217.058006 sending message 112 to peer 0x108008000 (13 bytes)
1736734217.058010 sending message 112 to peer 0x108008000 (13 bytes)
1736734217.058013 sending message 112 to peer 0x108008000 (11 bytes)
1736734217.058017 sending message 112 to peer 0x108008000 (12 bytes)
1736734217.058022 sending message 112 to peer 0x108008000 (12 bytes)
1736734217.058026 sending message 112 to peer 0x108008000 (12 bytes)
1736734217.058030 sending message 112 to peer 0x108008000 (12 bytes)
1736734217.058034 sending message 112 to peer 0x108008000 (12 bytes)
1736734217.058038 sending message 112 to peer 0x108008000 (21 bytes)
1736734217.058043 sending message 112 to peer 0x108008000 (12 bytes)
1736734217.058046 sending message 112 to peer 0x108008000 (9 bytes)
1736734217.058050 sending message 112 to peer 0x108008000 (6 bytes)
1736734217.058054 sending message 112 to peer 0x108008000 (13 bytes)
1736734217.058058 sending message 112 to peer 0x108008000 (10 bytes)
1736734217.058062 sending message 112 to peer 0x108008000 (15 bytes)
1736734217.058066 sending message 112 to peer 0x108008000 (13 bytes)
1736734217.058069 sending message 112 to peer 0x108008000 (9 bytes)
1736734217.058073 sending message 112 to peer 0x108008000 (70 bytes)
1736734217.058077 sending message 112 to peer 0x108008000 (69 bytes)
1736734217.058081 sending message 112 to peer 0x108008000 (12 bytes)
1736734217.058085 sending message 112 to peer 0x108008000 (10 bytes)
1736734217.058088 sending message 112 to peer 0x108008000 (10 bytes)
1736734217.058092 sending message 112 to peer 0x108008000 (15 bytes)
1736734217.058096 sending message 112 to peer 0x108008000 (13 bytes)
1736734217.058100 sending message 112 to peer 0x108008000 (10 bytes)
1736734217.058104 sending message 112 to peer 0x108008000 (10 bytes)
1736734217.058108 sending message 112 to peer 0x108008000 (13 bytes)
1736734217.058112 sending message 112 to peer 0x108008000 (15 bytes)
1736734217.058116 sending message 112 to peer 0x108008000 (5 bytes)
1736734217.058121 sending message 104 to peer 0x108008000 (0 bytes)
1736734217.058126 sending message 110 to peer 0x108008000 (0 bytes)
1736734217.058130 sending message 107 to peer 0x108008000 (4 bytes)
1736734217.058135 sending message 105 to peer 0x108008000 (126 bytes)
1736734217.058139 sending message 105 to peer 0x108008000 (75 bytes)
1736734217.058143 sending message 105 to peer 0x108008000 (21 bytes)
1736734217.058146 sending message 105 to peer 0x108008000 (15 bytes)
1736734217.058150 sending message 105 to peer 0x108008000 (20 bytes)
1736734217.058154 sending message 105 to peer 0x108008000 (57 bytes)
1736734217.058158 sending message 105 to peer 0x108008000 (27 bytes)
1736734217.058163 sending message 105 to peer 0x108008000 (17 bytes)
1736734217.058166 sending message 105 to peer 0x108008000 (22 bytes)
1736734217.058170 sending message 105 to peer 0x108008000 (66 bytes)
1736734217.058174 sending message 105 to peer 0x108008000 (35 bytes)
1736734217.058178 sending message 105 to peer 0x108008000 (266 bytes)
1736734217.058182 sending message 105 to peer 0x108008000 (43 bytes)
1736734217.058186 sending message 105 to peer 0x108008000 (42 bytes)
1736734217.058190 sending message 105 to peer 0x108008000 (17 bytes)
1736734217.058194 sending message 105 to peer 0x108008000 (14 bytes)
1736734217.058198 sending message 105 to peer 0x108008000 (19 bytes)
1736734217.058202 sending message 105 to peer 0x108008000 (8 bytes)
1736734217.058206 sending message 105 to peer 0x108008000 (24 bytes)
1736734217.058209 sending message 105 to peer 0x108008000 (63 bytes)
1736734217.058213 sending message 105 to peer 0x108008000 (36 bytes)
1736734217.058217 sending message 105 to peer 0x108008000 (20 bytes)
1736734217.058231 sending message 105 to peer 0x108008000 (117 bytes)
1736734217.058236 sending message 105 to peer 0x108008000 (57 bytes)
1736734217.058240 sending message 105 to peer 0x108008000 (20 bytes)
1736734217.058244 sending message 105 to peer 0x108008000 (26 bytes)
1736734217.058248 sending message 105 to peer 0x108008000 (36 bytes)
1736734217.058252 sending message 105 to peer 0x108008000 (12 bytes)
1736734217.058256 sending message 105 to peer 0x108008000 (117 bytes)
1736734217.058260 sending message 105 to peer 0x108008000 (53 bytes)
1736734217.058263 sending message 105 to peer 0x108008000 (14 bytes)
1736734217.058267 sending message 105 to peer 0x108008000 (164 bytes)
1736734217.058271 sending message 105 to peer 0x108008000 (125 bytes)
1736734217.058275 sending message 105 to peer 0x108008000 (64 bytes)
1736734217.058279 sending message 105 to peer 0x108008000 (98 bytes)
1736734217.058283 sending message 105 to peer 0x108008000 (18 bytes)
1736734217.058288 sending message 105 to peer 0x108008000 (25 bytes)
1736734217.058293 sending message 105 to peer 0x108008000 (29 bytes)
1736734217.058297 sending message 105 to peer 0x108008000 (51 bytes)
1736734217.058301 sending message 105 to peer 0x108008000 (46 bytes)
1736734217.058307 sending message 105 to peer 0x108008000 (16 bytes)
1736734217.058312 sending message 105 to peer 0x108008000 (96 bytes)
1736734217.058316 sending message 105 to peer 0x108008000 (19 bytes)
1736734217.058320 sending message 105 to peer 0x108008000 (38 bytes)
1736734217.058324 sending message 105 to peer 0x108008000 (32 bytes)
1736734217.058328 sending message 105 to peer 0x108008000 (16 bytes)
1736734217.058331 sending message 105 to peer 0x108008000 (59 bytes)
1736734217.058335 sending message 105 to peer 0x108008000 (68 bytes)
1736734217.058339 sending message 105 to peer 0x108008000 (43 bytes)
1736734217.058343 sending message 106 to peer 0x108008000 (0 bytes)
1736734217.058423 sending message 200 to peer 0x108008000 (4 bytes)
1736734217.058430 client loop enter
1736734217.062940 peer 0x108008000 message 207
1736734217.062958 sending message 208 to peer 0x108008000 (0 bytes)
1736734236.021031 peer 0x108008000 message 203
1736734236.021264 sending message 205 to peer 0x108008000 (0 bytes)
1736734236.023307 peer 0x108008000 message 204
1736734236.023448 client loop exit
